<?xml version="1.0" encoding="utf-8"?>
<TestRun id="b7872112-62c2-4f47-9890-a4a2525f79fe" name="punko@SURFACE0326 2026-03-03 14:49:49" runUser="SURFACE0326\punko" xmlns="http://microsoft.com/schemas/VisualStudio/TeamTest/2010">
  <Times creation="2026-03-03T14:49:49.1327981-05:00" queuing="2026-03-03T14:49:49.1327985-05:00" start="2026-03-03T14:49:32.9801397-05:00" finish="2026-03-03T14:49:49.2895577-05:00" />
  <TestSettings name="default" id="8f00c22f-1baa-4c79-8739-f7e039aa5c87">
    <Deployment runDeploymentRoot="punko_SURFACE0326_2026-03-03_14_49_49" />
  </TestSettings>
  <Results>
    <UnitTestResult executionId="36016f0e-eaae-47fc-b144-dd2ddaf02e12" testId="622e1f8f-d289-bd6a-e9cb-ff27fb97add6" testName="PoMiniApps.IntegrationTests.RapperEndpointTests.GetRappers_ReturnsOk" computerName="SURFACE0326" duration="00:00:00.0217573" startTime="2026-03-03T14:49:49.1356481-05:00" endTime="2026-03-03T14:49:49.1574570-05:00" testType="13cdc9d9-ddb5-4fa4-a97d-d965ccfc6d4b" outcome="Passed" testListId="8c84fa94-04c1-424b-9868-57a2d4851a1d" relativeResultsDirectory="36016f0e-eaae-47fc-b144-dd2ddaf02e12" />
    <UnitTestResult executionId="e8b4a038-baf1-4d45-a333-14ba96953e91" testId="4393fe0d-1491-50f1-45eb-0f9783687175" testName="PoMiniApps.IntegrationTests.RapperEndpointTests.GetTopics_ReturnsOk" computerName="SURFACE0326" duration="00:00:00.0176216" startTime="2026-03-03T14:49:49.1174109-05:00" endTime="2026-03-03T14:49:49.1351450-05:00" testType="13cdc9d9-ddb5-4fa4-a97d-d965ccfc6d4b" outcome="Passed" testListId="8c84fa94-04c1-424b-9868-57a2d4851a1d" relativeResultsDirectory="e8b4a038-baf1-4d45-a333-14ba96953e91" />
    <UnitTestResult executionId="f2c982bd-cc3c-49a1-adb8-20ac3b799299" testId="498bdd55-954b-3204-e956-9649b185c27d" testName="PoMiniApps.IntegrationTests.DiagnosticsEndpointTests.Diagnostics_Endpoint_ReturnsOk" computerName="SURFACE0326" duration="00:00:00.0476081" startTime="2026-03-03T14:49:49.1580585-05:00" endTime="2026-03-03T14:49:49.2057208-05:00" testType="13cdc9d9-ddb5-4fa4-a97d-d965ccfc6d4b" outcome="Passed" testListId="8c84fa94-04c1-424b-9868-57a2d4851a1d" relativeResultsDirectory="f2c982bd-cc3c-49a1-adb8-20ac3b799299" />
    <UnitTestResult executionId="eb413077-74be-424b-9fe7-eca14d331d27" testId="bf6c13af-8940-1d16-7c3c-510cc03389cb" testName="PoMiniApps.IntegrationTests.DiagnosticsEndpointTests.DebateState_Endpoint_ReturnsOk" computerName="SURFACE0326" duration="00:00:00.0030423" startTime="2026-03-03T14:49:49.2065003-05:00" endTime="2026-03-03T14:49:49.2095845-05:00" testType="13cdc9d9-ddb5-4fa4-a97d-d965ccfc6d4b" outcome="Passed" testListId="8c84fa94-04c1-424b-9868-57a2d4851a1d" relativeResultsDirectory="eb413077-74be-424b-9fe7-eca14d331d27" />
    <UnitTestResult executionId="53f4903a-05b8-4012-a792-48150d10db11" testId="d69911c3-a8f4-1f3d-1ad2-b0d6aa0c7d6d" testName="PoMiniApps.IntegrationTests.HealthEndpointTests.Health_Endpoint_ReturnsValidResponse" computerName="SURFACE0326" duration="00:00:10.1148474" startTime="2026-03-03T14:49:38.9907985-05:00" endTime="2026-03-03T14:49:49.1099696-05:00" testType="13cdc9d9-ddb5-4fa4-a97d-d965ccfc6d4b" outcome="Passed" testListId="8c84fa94-04c1-424b-9868-57a2d4851a1d" relativeResultsDirectory="53f4903a-05b8-4012-a792-48150d10db11" />
  </Results>
  <TestDefinitions>
    <UnitTest name="PoMiniApps.IntegrationTests.RapperEndpointTests.GetRappers_ReturnsOk" storage="c:\users\punko\downloads\pominiapps\tests\pominiapps.integrationtests\bin\debug\net10.0\pominiapps.integrationtests.dll" id="622e1f8f-d289-bd6a-e9cb-ff27fb97add6">
      <Execution id="36016f0e-eaae-47fc-b144-dd2ddaf02e12" />
      <TestMethod codeBase="C:\Users\punko\Downloads\PoMiniApps\tests\PoMiniApps.IntegrationTests\bin\Debug\net10.0\PoMiniApps.IntegrationTests.dll" adapterTypeName="executor://xunit/VsTestRunner3/netcore/" className="PoMiniApps.IntegrationTests.RapperEndpointTests" name="GetRappers_ReturnsOk" />
    </UnitTest>
    <UnitTest name="PoMiniApps.IntegrationTests.HealthEndpointTests.Health_Endpoint_ReturnsValidResponse" storage="c:\users\punko\downloads\pominiapps\tests\pominiapps.integrationtests\bin\debug\net10.0\pominiapps.integrationtests.dll" id="d69911c3-a8f4-1f3d-1ad2-b0d6aa0c7d6d">
      <Execution id="53f4903a-05b8-4012-a792-48150d10db11" />
      <TestMethod codeBase="C:\Users\punko\Downloads\PoMiniApps\tests\PoMiniApps.IntegrationTests\bin\Debug\net10.0\PoMiniApps.IntegrationTests.dll" adapterTypeName="executor://xunit/VsTestRunner3/netcore/" className="PoMiniApps.IntegrationTests.HealthEndpointTests" name="Health_Endpoint_ReturnsValidResponse" />
    </UnitTest>
    <UnitTest name="PoMiniApps.IntegrationTests.DiagnosticsEndpointTests.DebateState_Endpoint_ReturnsOk" storage="c:\users\punko\downloads\pominiapps\tests\pominiapps.integrationtests\bin\debug\net10.0\pominiapps.integrationtests.dll" id="bf6c13af-8940-1d16-7c3c-510cc03389cb">
      <Execution id="eb413077-74be-424b-9fe7-eca14d331d27" />
      <TestMethod codeBase="C:\Users\punko\Downloads\PoMiniApps\tests\PoMiniApps.IntegrationTests\bin\Debug\net10.0\PoMiniApps.IntegrationTests.dll" adapterTypeName="executor://xunit/VsTestRunner3/netcore/" className="PoMiniApps.IntegrationTests.DiagnosticsEndpointTests" name="DebateState_Endpoint_ReturnsOk" />
    </UnitTest>
    <UnitTest name="PoMiniApps.IntegrationTests.RapperEndpointTests.GetTopics_ReturnsOk" storage="c:\users\punko\downloads\pominiapps\tests\pominiapps.integrationtests\bin\debug\net10.0\pominiapps.integrationtests.dll" id="4393fe0d-1491-50f1-45eb-0f9783687175">
      <Execution id="e8b4a038-baf1-4d45-a333-14ba96953e91" />
      <TestMethod codeBase="C:\Users\punko\Downloads\PoMiniApps\tests\PoMiniApps.IntegrationTests\bin\Debug\net10.0\PoMiniApps.IntegrationTests.dll" adapterTypeName="executor://xunit/VsTestRunner3/netcore/" className="PoMiniApps.IntegrationTests.RapperEndpointTests" name="GetTopics_ReturnsOk" />
    </UnitTest>
    <UnitTest name="PoMiniApps.IntegrationTests.DiagnosticsEndpointTests.Diagnostics_Endpoint_ReturnsOk" storage="c:\users\punko\downloads\pominiapps\tests\pominiapps.integrationtests\bin\debug\net10.0\pominiapps.integrationtests.dll" id="498bdd55-954b-3204-e956-9649b185c27d">
      <Execution id="f2c982bd-cc3c-49a1-adb8-20ac3b799299" />
      <TestMethod codeBase="C:\Users\punko\Downloads\PoMiniApps\tests\PoMiniApps.IntegrationTests\bin\Debug\net10.0\PoMiniApps.IntegrationTests.dll" adapterTypeName="executor://xunit/VsTestRunner3/netcore/" className="PoMiniApps.IntegrationTests.DiagnosticsEndpointTests" name="Diagnostics_Endpoint_ReturnsOk" />
    </UnitTest>
  </TestDefinitions>
  <TestEntries>
    <TestEntry testId="622e1f8f-d289-bd6a-e9cb-ff27fb97add6" executionId="36016f0e-eaae-47fc-b144-dd2ddaf02e12" testListId="8c84fa94-04c1-424b-9868-57a2d4851a1d" />
    <TestEntry testId="4393fe0d-1491-50f1-45eb-0f9783687175" executionId="e8b4a038-baf1-4d45-a333-14ba96953e91" testListId="8c84fa94-04c1-424b-9868-57a2d4851a1d" />
    <TestEntry testId="498bdd55-954b-3204-e956-9649b185c27d" executionId="f2c982bd-cc3c-49a1-adb8-20ac3b799299" testListId="8c84fa94-04c1-424b-9868-57a2d4851a1d" />
    <TestEntry testId="bf6c13af-8940-1d16-7c3c-510cc03389cb" executionId="eb413077-74be-424b-9fe7-eca14d331d27" testListId="8c84fa94-04c1-424b-9868-57a2d4851a1d" />
    <TestEntry testId="d69911c3-a8f4-1f3d-1ad2-b0d6aa0c7d6d" executionId="53f4903a-05b8-4012-a792-48150d10db11" testListId="8c84fa94-04c1-424b-9868-57a2d4851a1d" />
  </TestEntries>
  <TestLists>
    <TestList name="Results Not in a List" id="8c84fa94-04c1-424b-9868-57a2d4851a1d" />
    <TestList name="All Loaded Results" id="19431567-8539-422a-85d7-44ee4e166bda" />
  </TestLists>
  <ResultSummary outcome="Completed">
    <Counters total="5" executed="5" passed="5" failed="0" error="0" timeout="0" aborted="0" inconclusive="0" passedButRunAborted="0" notRunnable="0" notExecuted="0" disconnected="0" warning="0" completed="0" inProgress="0" pending="0" />
    <Output>
      <StdOut>[xUnit.net 00:00:00.00] xUnit.net VSTest Adapter v3.1.5+1b188a7b0a (64-bit .NET 10.0.3)&#xD;
[xUnit.net 00:00:04.23]   Discovering: PoMiniApps.IntegrationTests&#xD;
[xUnit.net 00:00:04.50]   Discovered:  PoMiniApps.IntegrationTests&#xD;
[xUnit.net 00:00:04.64]   Starting:    PoMiniApps.IntegrationTests&#xD;
[xUnit.net 00:00:14.91]   Finished:    PoMiniApps.IntegrationTests (ID = '8119ad08b087b28af866ba73cbbb0da2dd8375828a4b5ecd93ee711b42ba03ee')&#xD;
</StdOut>
    </Output>
  </ResultSummary>
</TestRun>